Using pre-set license
Built from '6000.0/staging' branch; Version is '6000.0.40f1 (157d81624ddf) revision 1408385'; Using compiler version '193933523'; Build Type 'Release'
OS: 'Windows 11  (10.0.26100) 64bit Professional' Language: 'en' Physical Memory: 32693 MB
BatchMode: 1, IsHumanControllingUs: 0, StartBugReporterOnCrash: 0, Is64bit: 1, IsPro: 1

COMMAND LINE ARGUMENTS:
C:\Program Files\Unity\Hub\Editor\6000.0.40f1\Editor\Unity.exe
-adb2
-batchMode
-noUpm
-name
AssetImportWorker2
-projectPath
C:/git/Chromatiles
-logFile
Logs/AssetImportWorker2.log
-srvPort
55627
-job-worker-count
11
-background-job-worker-count
8
-gc-helper-count
1
Successfully changed project path to: C:/git/Chromatiles
C:/git/Chromatiles
[UnityMemory] Configuration Parameters - Can be set up in boot.config
    "memorysetup-bucket-allocator-granularity=16"
    "memorysetup-bucket-allocator-bucket-count=8"
    "memorysetup-bucket-allocator-block-size=33554432"
    "memorysetup-bucket-allocator-block-count=8"
    "memorysetup-main-allocator-block-size=16777216"
    "memorysetup-thread-allocator-block-size=16777216"
    "memorysetup-gfx-main-allocator-block-size=16777216"
    "memorysetup-gfx-thread-allocator-block-size=16777216"
    "memorysetup-cache-allocator-block-size=4194304"
    "memorysetup-typetree-allocator-block-size=2097152"
    "memorysetup-profiler-bucket-allocator-granularity=16"
    "memorysetup-profiler-bucket-allocator-bucket-count=8"
    "memorysetup-profiler-bucket-allocator-block-size=33554432"
    "memorysetup-profiler-bucket-allocator-block-count=8"
    "memorysetup-profiler-allocator-block-size=16777216"
    "memorysetup-profiler-editor-allocator-block-size=1048576"
    "memorysetup-temp-allocator-size-main=16777216"
    "memorysetup-job-temp-allocator-block-size=2097152"
    "memorysetup-job-temp-allocator-block-size-background=1048576"
    "memorysetup-job-temp-allocator-reduction-small-platforms=262144"
    "memorysetup-allocator-temp-initial-block-size-main=262144"
    "memorysetup-allocator-temp-initial-block-size-worker=262144"
    "memorysetup-temp-allocator-size-background-worker=32768"
    "memorysetup-temp-allocator-size-job-worker=262144"
    "memorysetup-temp-allocator-size-preload-manager=33554432"
    "memorysetup-temp-allocator-size-nav-mesh-worker=65536"
    "memorysetup-temp-allocator-size-audio-worker=65536"
    "memorysetup-temp-allocator-size-cloud-worker=32768"
    "memorysetup-temp-allocator-size-gi-baking-worker=262144"
    "memorysetup-temp-allocator-size-gi-baking-worker=262144"
    "memorysetup-temp-allocator-size-gi-baking-worker=262144"
    "memorysetup-temp-allocator-size-gi-baking-worker=262144"
    "memorysetup-temp-allocator-size-gi-baking-worker=262144"
    "memorysetup-temp-allocator-size-gfx=262144"
Player connection [35812]  Target information:

Player connection [35812]  * "[IP] 192.168.40.1 [Port] 0 [Flags] 2 [Guid] 358685768 [EditorId] 358685768 [Version] 1048832 [Id] WindowsEditor(7,DESKTOP-AGBJDM4) [Debug] 1 [PackageName] WindowsEditor [ProjectName] Editor" 

Player connection [35812]  * "[IP] 192.168.179.1 [Port] 0 [Flags] 2 [Guid] 358685768 [EditorId] 358685768 [Version] 1048832 [Id] WindowsEditor(7,DESKTOP-AGBJDM4) [Debug] 1 [PackageName] WindowsEditor [ProjectName] Editor" 

Player connection [35812]  * "[IP] 192.168.4.61 [Port] 0 [Flags] 2 [Guid] 358685768 [EditorId] 358685768 [Version] 1048832 [Id] WindowsEditor(7,DESKTOP-AGBJDM4) [Debug] 1 [PackageName] WindowsEditor [ProjectName] Editor" 

Player connection [35812] Host joined multi-casting on [225.0.0.222:54997]...
Player connection [35812] Host joined alternative multi-casting on [225.0.0.222:34997]...
JobSystem: Creating JobQueue using job-worker-count value 11
Input System module state changed to: Initialized.
[Physics::Module] Initialized fallback backend.
[Physics::Module] Id: 0xdecafbad
Library Redirect Path: Library/
[Physics::Module] Selected backend.
[Physics::Module] Name: PhysX
[Physics::Module] Id: 0xf2b8ea05
[Physics::Module] SDK Version: 4.1.2
[Physics::Module] Integration Version: 1.0.0
[Physics::Module] Threading Mode: Multi-Threaded
Refreshing native plugins compatible for Editor in 2.10 ms, found 3 plugins.
Preloading 0 native plugins for Editor in 0.00 ms.
Initialize engine version: 6000.0.40f1 (157d81624ddf)
[Subsystems] Discovering subsystems at path C:/Program Files/Unity/Hub/Editor/6000.0.40f1/Editor/Data/Resources/UnitySubsystems
[Subsystems] Discovering subsystems at path C:/git/Chromatiles/Assets
GfxDevice: creating device client; kGfxThreadingModeNonThreaded
Direct3D:
    Version:  Direct3D 11.0 [level 11.1]
    Renderer: NVIDIA GeForce RTX 5080 (ID=0x2c02)
    Vendor:   NVIDIA
    VRAM:     15889 MB
    Driver:   32.0.15.7688
Initialize mono
Mono path[0] = 'C:/Program Files/Unity/Hub/Editor/6000.0.40f1/Editor/Data/Managed'
Mono path[1] = 'C:/Program Files/Unity/Hub/Editor/6000.0.40f1/Editor/Data/MonoBleedingEdge/lib/mono/unityjit-win32'
Mono config path = 'C:/Program Files/Unity/Hub/Editor/6000.0.40f1/Editor/Data/MonoBleedingEdge/etc'
Using monoOptions --debugger-agent=transport=dt_socket,embedding=1,server=y,suspend=n,address=127.0.0.1:56488
Begin MonoManager ReloadAssembly
Registering precompiled unity dll's ...
Register platform support module: C:/Program Files/Unity/Hub/Editor/6000.0.40f1/Editor/Data/PlaybackEngines/WindowsStandaloneSupport/UnityEditor.WindowsStandalone.Extensions.dll
Register platform support module: C:/Program Files/Unity/Hub/Editor/6000.0.40f1/Editor/Data/PlaybackEngines/AndroidPlayer/UnityEditor.Android.Extensions.dll
Registered in 0.004000 seconds.
- Loaded All Assemblies, in  0.354 seconds
Native extension for Android target not found
Android Extension - Scanning For ADB Devices 247 ms
Native extension for WindowsStandalone target not found
Mono: successfully reloaded assembly
- Finished resetting the current domain, in  0.582 seconds
Domain Reload Profiling: 933ms
	BeginReloadAssembly (141ms)
		ExecutionOrderSort (0ms)
		DisableScriptedObjects (0ms)
		BackupInstance (0ms)
		ReleaseScriptingObjects (0ms)
		CreateAndSetChildDomain (1ms)
	RebuildCommonClasses (31ms)
	RebuildNativeTypeToScriptingClass (9ms)
	initialDomainReloadingComplete (43ms)
	LoadAllAssembliesAndSetupDomain (126ms)
		LoadAssemblies (138ms)
		RebuildTransferFunctionScriptingTraits (0ms)
		AnalyzeDomain (123ms)
			TypeCache.Refresh (121ms)
				TypeCache.ScanAssembly (110ms)
			BuildScriptInfoCaches (0ms)
			ResolveRequiredComponents (0ms)
	FinalizeReload (582ms)
		ReleaseScriptCaches (0ms)
		RebuildScriptCaches (0ms)
		SetupLoadedEditorAssemblies (546ms)
			LogAssemblyErrors (0ms)
			InitializePlatformSupportModulesInManaged (333ms)
			SetLoadedEditorAssemblies (3ms)
			BeforeProcessingInitializeOnLoad (43ms)
			ProcessInitializeOnLoadAttributes (109ms)
			ProcessInitializeOnLoadMethodAttributes (57ms)
			AfterProcessingInitializeOnLoad (0ms)
			EditorAssembliesLoaded (0ms)
		ExecutionOrderSort2 (0ms)
		AwakeInstancesAfterBackupRestoration (0ms)
========================================================================
Worker process is ready to serve import requests
Import Worker Mode flag is 0x00
Begin MonoManager ReloadAssembly
- Loaded All Assemblies, in  0.640 seconds
Refreshing native plugins compatible for Editor in 1.27 ms, found 3 plugins.
Native extension for Android target not found
Native extension for WindowsStandalone target not found
Mono: successfully reloaded assembly
- Finished resetting the current domain, in  0.670 seconds
Domain Reload Profiling: 1305ms
	BeginReloadAssembly (148ms)
		ExecutionOrderSort (0ms)
		DisableScriptedObjects (5ms)
		BackupInstance (0ms)
		ReleaseScriptingObjects (0ms)
		CreateAndSetChildDomain (27ms)
	RebuildCommonClasses (29ms)
	RebuildNativeTypeToScriptingClass (9ms)
	initialDomainReloadingComplete (34ms)
	LoadAllAssembliesAndSetupDomain (414ms)
		LoadAssemblies (313ms)
		RebuildTransferFunctionScriptingTraits (0ms)
		AnalyzeDomain (190ms)
			TypeCache.Refresh (143ms)
				TypeCache.ScanAssembly (131ms)
			BuildScriptInfoCaches (35ms)
			ResolveRequiredComponents (9ms)
	FinalizeReload (670ms)
		ReleaseScriptCaches (0ms)
		RebuildScriptCaches (0ms)
		SetupLoadedEditorAssemblies (493ms)
			LogAssemblyErrors (0ms)
			InitializePlatformSupportModulesInManaged (13ms)
			SetLoadedEditorAssemblies (4ms)
			BeforeProcessingInitializeOnLoad (93ms)
			ProcessInitializeOnLoadAttributes (294ms)
			ProcessInitializeOnLoadMethodAttributes (83ms)
			AfterProcessingInitializeOnLoad (7ms)
			EditorAssembliesLoaded (0ms)
		ExecutionOrderSort2 (0ms)
		AwakeInstancesAfterBackupRestoration (7ms)
Launched and connected shader compiler UnityShaderCompiler.exe after 0.01 seconds
Refreshing native plugins compatible for Editor in 2.24 ms, found 3 plugins.
Preloading 0 native plugins for Editor in 0.00 ms.
Unloading 198 Unused Serialized files (Serialized files now loaded: 0)
Unloading 6075 unused Assets / (5.9 MB). Loaded Objects now: 6720.
Memory consumption went from 157.3 MB to 151.4 MB.
Total: 14.348200 ms (FindLiveObjects: 1.250300 ms CreateObjectMapping: 0.670900 ms MarkObjects: 8.096300 ms  DeleteObjects: 4.329300 ms)

========================================================================
Received Import Request.
  Time since last request: 8756.455170 seconds.
  path: Assets/Models/LargeRightTriangle.fbx
  artifactKey: Guid(b5a03814231a9b142b1d11e0d149ef48) Importer(815301076,1909f56bfc062723c751e8b465ee728b)
Start importing Assets/Models/LargeRightTriangle.fbx using Guid(b5a03814231a9b142b1d11e0d149ef48) Importer(815301076,1909f56bfc062723c751e8b465ee728b) (PreviewImporter) -> (artifact id: '7faae4e8ea357136b4e5e234d56b8bf3') in 0.4218669 seconds
Number of updated asset objects reloaded before import = 0Number of asset objects unloaded after import = 9

========================================================================
Received Import Request.
  Time since last request: 9.335621 seconds.
  path: Assets/Models/MediumRightTriangle.fbx
  artifactKey: Guid(3f207d435475cfb46a1283de5eb76cf4) Importer(815301076,1909f56bfc062723c751e8b465ee728b)
Start importing Assets/Models/MediumRightTriangle.fbx using Guid(3f207d435475cfb46a1283de5eb76cf4) Importer(815301076,1909f56bfc062723c751e8b465ee728b) (PreviewImporter) -> (artifact id: '24f598b8b384c2d53efb36a33730b36e') in 0.0106531 seconds
Number of updated asset objects reloaded before import = 0Number of asset objects unloaded after import = 7

========================================================================
Received Import Request.
  Time since last request: 3.280870 seconds.
  path: Assets/Models/Parallelogram.fbx
  artifactKey: Guid(8f982d54217346e42a68cc466190105b) Importer(815301076,1909f56bfc062723c751e8b465ee728b)
Start importing Assets/Models/Parallelogram.fbx using Guid(8f982d54217346e42a68cc466190105b) Importer(815301076,1909f56bfc062723c751e8b465ee728b) (PreviewImporter) -> (artifact id: '76aaa2d27391a990c555804368c1f8e6') in 0.0098424 seconds
Number of updated asset objects reloaded before import = 0Number of asset objects unloaded after import = 7

========================================================================
Received Import Request.
  Time since last request: 2.463065 seconds.
  path: Assets/Models/SmallRightTriangle.fbx
  artifactKey: Guid(870bce1aca798c142a9e67933a23b703) Importer(815301076,1909f56bfc062723c751e8b465ee728b)
Start importing Assets/Models/SmallRightTriangle.fbx using Guid(870bce1aca798c142a9e67933a23b703) Importer(815301076,1909f56bfc062723c751e8b465ee728b) (PreviewImporter) -> (artifact id: '5f55650ed3576adb95aba37a9a427b1f') in 0.0167008 seconds
Number of updated asset objects reloaded before import = 0Number of asset objects unloaded after import = 7

========================================================================
Received Import Request.
  Time since last request: 3.186620 seconds.
  path: Assets/Models/Square.fbx
  artifactKey: Guid(0623fb291367f924da55ad97e2214b22) Importer(815301076,1909f56bfc062723c751e8b465ee728b)
Start importing Assets/Models/Square.fbx using Guid(0623fb291367f924da55ad97e2214b22) Importer(815301076,1909f56bfc062723c751e8b465ee728b) (PreviewImporter) -> (artifact id: '3e859e2709a516debde7fbeae4bd866b') in 0.0106268 seconds
Number of updated asset objects reloaded before import = 0Number of asset objects unloaded after import = 7

========================================================================
Received Import Request.
  Time since last request: 111.759618 seconds.
  path: Assets/Models/LargeRightTriangle.fbx
  artifactKey: Guid(b5a03814231a9b142b1d11e0d149ef48) Importer(815301076,1909f56bfc062723c751e8b465ee728b)
Start importing Assets/Models/LargeRightTriangle.fbx using Guid(b5a03814231a9b142b1d11e0d149ef48) Importer(815301076,1909f56bfc062723c751e8b465ee728b) (PreviewImporter) -> (artifact id: 'a499ff74e4adea4f00e7125a15a307fc') in 0.0164246 seconds
Number of updated asset objects reloaded before import = 0Number of asset objects unloaded after import = 7

========================================================================
Received Import Request.
  Time since last request: 68.794651 seconds.
  path: Assets/Models/LargeRightTriangle.fbx
  artifactKey: Guid(b5a03814231a9b142b1d11e0d149ef48) Importer(815301076,1909f56bfc062723c751e8b465ee728b)
Start importing Assets/Models/LargeRightTriangle.fbx using Guid(b5a03814231a9b142b1d11e0d149ef48) Importer(815301076,1909f56bfc062723c751e8b465ee728b) (PreviewImporter) -> (artifact id: 'd0f33eab5ab757bd2339400fd9e0b5ba') in 0.0114697 seconds
Number of updated asset objects reloaded before import = 0Number of asset objects unloaded after import = 7

========================================================================
Received Import Request.
  Time since last request: 23.331483 seconds.
  path: Assets/Models/LargeRightTriangle.fbx
  artifactKey: Guid(b5a03814231a9b142b1d11e0d149ef48) Importer(815301076,1909f56bfc062723c751e8b465ee728b)
Start importing Assets/Models/LargeRightTriangle.fbx using Guid(b5a03814231a9b142b1d11e0d149ef48) Importer(815301076,1909f56bfc062723c751e8b465ee728b) (PreviewImporter) -> (artifact id: '3538101f00b43a38fc1065eace6cf525') in 0.0096371 seconds
Number of updated asset objects reloaded before import = 0Number of asset objects unloaded after import = 7

========================================================================
Received Import Request.
  Time since last request: 0.716815 seconds.
  path: Assets/Models
  artifactKey: Guid(17d35b2a4c3ba514cb5ed49190606b6a) Importer(815301076,1909f56bfc062723c751e8b465ee728b)
Start importing Assets/Models using Guid(17d35b2a4c3ba514cb5ed49190606b6a) Importer(815301076,1909f56bfc062723c751e8b465ee728b) (PreviewImporter) -> (artifact id: '6f010a1231785f7457e3bf0927a1fe05') in 0.000587 seconds
Number of updated asset objects reloaded before import = 0Number of asset objects unloaded after import = 0

========================================================================
Received Import Request.
  Time since last request: 29.198644 seconds.
  path: Assets/Models/LargeRightTriangle.fbx
  artifactKey: Guid(b5a03814231a9b142b1d11e0d149ef48) Importer(815301076,1909f56bfc062723c751e8b465ee728b)
Start importing Assets/Models/LargeRightTriangle.fbx using Guid(b5a03814231a9b142b1d11e0d149ef48) Importer(815301076,1909f56bfc062723c751e8b465ee728b) (PreviewImporter) -> (artifact id: '0e1a8de1e424a7a766987d3f8c2edd4b') in 0.0190909 seconds
Number of updated asset objects reloaded before import = 0Number of asset objects unloaded after import = 7

========================================================================
Received Import Request.
  Time since last request: 18.163231 seconds.
  path: Assets/Models/SmallRightTriangle.fbx
  artifactKey: Guid(870bce1aca798c142a9e67933a23b703) Importer(815301076,1909f56bfc062723c751e8b465ee728b)
Start importing Assets/Models/SmallRightTriangle.fbx using Guid(870bce1aca798c142a9e67933a23b703) Importer(815301076,1909f56bfc062723c751e8b465ee728b) (PreviewImporter) -> (artifact id: '6731753181cd2dba13356444554d7c3f') in 0.0160797 seconds
Number of updated asset objects reloaded before import = 0Number of asset objects unloaded after import = 7

========================================================================
Received Import Request.
  Time since last request: 0.000020 seconds.
  path: Assets/Models/Square.fbx
  artifactKey: Guid(0623fb291367f924da55ad97e2214b22) Importer(815301076,1909f56bfc062723c751e8b465ee728b)
Start importing Assets/Models/Square.fbx using Guid(0623fb291367f924da55ad97e2214b22) Importer(815301076,1909f56bfc062723c751e8b465ee728b) (PreviewImporter) -> (artifact id: '369fc3e111cbaa0c415c9b95e205f05b') in 0.0203098 seconds
Number of updated asset objects reloaded before import = 0Number of asset objects unloaded after import = 7

========================================================================
Received Import Request.
  Time since last request: 39.407683 seconds.
  path: Assets/Models/LargeRightTriangle.fbx
  artifactKey: Guid(b5a03814231a9b142b1d11e0d149ef48) Importer(815301076,1909f56bfc062723c751e8b465ee728b)
Start importing Assets/Models/LargeRightTriangle.fbx using Guid(b5a03814231a9b142b1d11e0d149ef48) Importer(815301076,1909f56bfc062723c751e8b465ee728b) (PreviewImporter) -> (artifact id: 'db9c3ba80a811ecc056d3f938dea1302') in 0.0153372 seconds
Number of updated asset objects reloaded before import = 0Number of asset objects unloaded after import = 7

========================================================================
Received Import Request.
  Time since last request: 55.509045 seconds.
  path: Assets/Models/MediumRightTriangle.fbx
  artifactKey: Guid(3f207d435475cfb46a1283de5eb76cf4) Importer(815301076,1909f56bfc062723c751e8b465ee728b)
Start importing Assets/Models/MediumRightTriangle.fbx using Guid(3f207d435475cfb46a1283de5eb76cf4) Importer(815301076,1909f56bfc062723c751e8b465ee728b) (PreviewImporter) -> (artifact id: '33a88d4a710a9255aac93f3405af32b7') in 0.0189748 seconds
Number of updated asset objects reloaded before import = 0Number of asset objects unloaded after import = 7

========================================================================
Received Import Request.
  Time since last request: 0.000044 seconds.
  path: Assets/Models/Square.fbx
  artifactKey: Guid(0623fb291367f924da55ad97e2214b22) Importer(815301076,1909f56bfc062723c751e8b465ee728b)
Start importing Assets/Models/Square.fbx using Guid(0623fb291367f924da55ad97e2214b22) Importer(815301076,1909f56bfc062723c751e8b465ee728b) (PreviewImporter) -> (artifact id: '289fc09ee0c7d8f3cb416c46efabb2fb') in 0.0180328 seconds
Number of updated asset objects reloaded before import = 0Number of asset objects unloaded after import = 7

========================================================================
Received Import Request.
  Time since last request: 0.000025 seconds.
  path: Assets/Models/SmallRightTriangle.fbx
  artifactKey: Guid(870bce1aca798c142a9e67933a23b703) Importer(815301076,1909f56bfc062723c751e8b465ee728b)
Start importing Assets/Models/SmallRightTriangle.fbx using Guid(870bce1aca798c142a9e67933a23b703) Importer(815301076,1909f56bfc062723c751e8b465ee728b) (PreviewImporter) -> (artifact id: '6d34d7aee4b38c786a91af6a9ea9382d') in 0.0188219 seconds
Number of updated asset objects reloaded before import = 0Number of asset objects unloaded after import = 7

========================================================================
Received Import Request.
  Time since last request: 33.524127 seconds.
  path: Assets/Models/Parallelogram.fbx
  artifactKey: Guid(8f982d54217346e42a68cc466190105b) Importer(815301076,1909f56bfc062723c751e8b465ee728b)
Start importing Assets/Models/Parallelogram.fbx using Guid(8f982d54217346e42a68cc466190105b) Importer(815301076,1909f56bfc062723c751e8b465ee728b) (PreviewImporter) -> (artifact id: 'ec1e7cf5a11379c1731494a0035195a3') in 0.011331 seconds
Number of updated asset objects reloaded before import = 0Number of asset objects unloaded after import = 7

========================================================================
Received Import Request.
  Time since last request: 183.520585 seconds.
  path: Assets/Prefabs/LargeTriTile.prefab
  artifactKey: Guid(bde4946a8d8f7354aa90359fe4a69b7f) Importer(815301076,1909f56bfc062723c751e8b465ee728b)
Start importing Assets/Prefabs/LargeTriTile.prefab using Guid(bde4946a8d8f7354aa90359fe4a69b7f) Importer(815301076,1909f56bfc062723c751e8b465ee728b) (PreviewImporter) -> (artifact id: '2a9cab0b93728932e030accfb68688cf') in 0.0166064 seconds
Number of updated asset objects reloaded before import = 0Number of asset objects unloaded after import = 35

========================================================================
Received Import Request.
  Time since last request: 154.985288 seconds.
  path: Assets/Settings/DefaultVolumeProfile.asset
  artifactKey: Guid(ab09877e2e707104187f6f83e2f62510) Importer(815301076,1909f56bfc062723c751e8b465ee728b)
Start importing Assets/Settings/DefaultVolumeProfile.asset using Guid(ab09877e2e707104187f6f83e2f62510) Importer(815301076,1909f56bfc062723c751e8b465ee728b) (PreviewImporter) -> (artifact id: '10528149371aefc32227726816d72a59') in 0.0011729 seconds
Number of updated asset objects reloaded before import = 0Number of asset objects unloaded after import = 0

========================================================================
Received Import Request.
  Time since last request: 0.010137 seconds.
  path: Assets/Settings/UniversalRenderPipelineGlobalSettings.asset
  artifactKey: Guid(18dc0cd2c080841dea60987a38ce93fa) Importer(815301076,1909f56bfc062723c751e8b465ee728b)
Start importing Assets/Settings/UniversalRenderPipelineGlobalSettings.asset using Guid(18dc0cd2c080841dea60987a38ce93fa) Importer(815301076,1909f56bfc062723c751e8b465ee728b) (PreviewImporter) -> (artifact id: '35481b185fd48e295dbf3b9eeda27858') in 0.0013733 seconds
Number of updated asset objects reloaded before import = 0Number of asset objects unloaded after import = 0

========================================================================
Received Import Request.
  Time since last request: 6.057848 seconds.
  path: Assets/Models/LargeRightTriangle.fbx
  artifactKey: Guid(b5a03814231a9b142b1d11e0d149ef48) Importer(815301076,1909f56bfc062723c751e8b465ee728b)
Start importing Assets/Models/LargeRightTriangle.fbx using Guid(b5a03814231a9b142b1d11e0d149ef48) Importer(815301076,1909f56bfc062723c751e8b465ee728b) (PreviewImporter) -> (artifact id: '76b0d6991c3c5b8f65d2758ee2a19874') in 0.0099535 seconds
Number of updated asset objects reloaded before import = 0Number of asset objects unloaded after import = 7

========================================================================
Received Import Request.
  Time since last request: 23.478402 seconds.
  path: Assets/Models/MediumRightTriangle.fbx
  artifactKey: Guid(3f207d435475cfb46a1283de5eb76cf4) Importer(815301076,1909f56bfc062723c751e8b465ee728b)
Start importing Assets/Models/MediumRightTriangle.fbx using Guid(3f207d435475cfb46a1283de5eb76cf4) Importer(815301076,1909f56bfc062723c751e8b465ee728b) (PreviewImporter) -> (artifact id: 'f1c47bd8518213ff08bac448c3fd4389') in 0.0087248 seconds
Number of updated asset objects reloaded before import = 0Number of asset objects unloaded after import = 7

========================================================================
Received Import Request.
  Time since last request: 236.562170 seconds.
  path: Assets/Prefabs/LargeTriTile.prefab
  artifactKey: Guid(bde4946a8d8f7354aa90359fe4a69b7f) Importer(815301076,1909f56bfc062723c751e8b465ee728b)
Start importing Assets/Prefabs/LargeTriTile.prefab using Guid(bde4946a8d8f7354aa90359fe4a69b7f) Importer(815301076,1909f56bfc062723c751e8b465ee728b) (PreviewImporter) -> (artifact id: 'b3be90be5d49f1b1a7a602cd41e9ec7d') in 0.0149064 seconds
Number of updated asset objects reloaded before import = 0Number of asset objects unloaded after import = 22

========================================================================
Received Import Request.
  Time since last request: 22.946202 seconds.
  path: Assets/Prefabs/MediumTriTile.prefab
  artifactKey: Guid(03c64d069c4c9824a9b57d6a4e5d6127) Importer(815301076,1909f56bfc062723c751e8b465ee728b)
Start importing Assets/Prefabs/MediumTriTile.prefab using Guid(03c64d069c4c9824a9b57d6a4e5d6127) Importer(815301076,1909f56bfc062723c751e8b465ee728b) (PreviewImporter) -> (artifact id: '3a77b82eddfb311e5ff25b24d3dd4e6b') in 0.0142386 seconds
Number of updated asset objects reloaded before import = 0Number of asset objects unloaded after import = 36

========================================================================
Received Import Request.
  Time since last request: 128.359069 seconds.
  path: Assets/Prefabs/MediumTriTile.prefab
  artifactKey: Guid(03c64d069c4c9824a9b57d6a4e5d6127) Importer(815301076,1909f56bfc062723c751e8b465ee728b)
Start importing Assets/Prefabs/MediumTriTile.prefab using Guid(03c64d069c4c9824a9b57d6a4e5d6127) Importer(815301076,1909f56bfc062723c751e8b465ee728b) (PreviewImporter) -> (artifact id: 'fc791ece8d973190b307771cdf52ce79') in 0.0161019 seconds
Number of updated asset objects reloaded before import = 0Number of asset objects unloaded after import = 37

========================================================================
Received Import Request.
  Time since last request: 5.663632 seconds.
  path: Assets/Prefabs/SmallTriTile.prefab
  artifactKey: Guid(1013ab2a85b425d418dd76460ec0dda7) Importer(815301076,1909f56bfc062723c751e8b465ee728b)
Start importing Assets/Prefabs/SmallTriTile.prefab using Guid(1013ab2a85b425d418dd76460ec0dda7) Importer(815301076,1909f56bfc062723c751e8b465ee728b) (PreviewImporter) -> (artifact id: 'c2dbca0df20ee03069852d351e4ef5c7') in 0.0147519 seconds
Number of updated asset objects reloaded before import = 0Number of asset objects unloaded after import = 36

========================================================================
Received Import Request.
  Time since last request: 35.562272 seconds.
  path: Assets/Models/SmallRightTriangle.fbx
  artifactKey: Guid(870bce1aca798c142a9e67933a23b703) Importer(815301076,1909f56bfc062723c751e8b465ee728b)
Start importing Assets/Models/SmallRightTriangle.fbx using Guid(870bce1aca798c142a9e67933a23b703) Importer(815301076,1909f56bfc062723c751e8b465ee728b) (PreviewImporter) -> (artifact id: 'cf87f119d8bc7761813d6fb5a7bcdcd9') in 0.0093869 seconds
Number of updated asset objects reloaded before import = 0Number of asset objects unloaded after import = 7

========================================================================
Received Import Request.
  Time since last request: 0.000018 seconds.
  path: Assets/Models/Parallelogram.fbx
  artifactKey: Guid(8f982d54217346e42a68cc466190105b) Importer(815301076,1909f56bfc062723c751e8b465ee728b)
Start importing Assets/Models/Parallelogram.fbx using Guid(8f982d54217346e42a68cc466190105b) Importer(815301076,1909f56bfc062723c751e8b465ee728b) (PreviewImporter) -> (artifact id: 'cce83ac0545be1b4d5cde18759fd7acd') in 0.0086688 seconds
Number of updated asset objects reloaded before import = 0Number of asset objects unloaded after import = 7

========================================================================
Received Import Request.
  Time since last request: 101.953924 seconds.
  path: Assets/Prefabs/SmallTriTile.prefab
  artifactKey: Guid(1013ab2a85b425d418dd76460ec0dda7) Importer(815301076,1909f56bfc062723c751e8b465ee728b)
Start importing Assets/Prefabs/SmallTriTile.prefab using Guid(1013ab2a85b425d418dd76460ec0dda7) Importer(815301076,1909f56bfc062723c751e8b465ee728b) (PreviewImporter) -> (artifact id: 'ef5dba052f65ede5a850cbeb7ebd80f4') in 0.0165261 seconds
Number of updated asset objects reloaded before import = 0Number of asset objects unloaded after import = 37

========================================================================
Received Import Request.
  Time since last request: 11.732919 seconds.
  path: Assets/Prefabs/Parallelogram.prefab
  artifactKey: Guid(74c90f935b901344ea1bb3a16ff05244) Importer(815301076,1909f56bfc062723c751e8b465ee728b)
Start importing Assets/Prefabs/Parallelogram.prefab using Guid(74c90f935b901344ea1bb3a16ff05244) Importer(815301076,1909f56bfc062723c751e8b465ee728b) (PreviewImporter) -> (artifact id: '71bb781cd29c0f95d8017f144c69806c') in 0.01378 seconds
Number of updated asset objects reloaded before import = 0Number of asset objects unloaded after import = 36

========================================================================
Received Import Request.
  Time since last request: 126.011533 seconds.
  path: Assets/Prefabs/Parallelogram.prefab
  artifactKey: Guid(74c90f935b901344ea1bb3a16ff05244) Importer(815301076,1909f56bfc062723c751e8b465ee728b)
Start importing Assets/Prefabs/Parallelogram.prefab using Guid(74c90f935b901344ea1bb3a16ff05244) Importer(815301076,1909f56bfc062723c751e8b465ee728b) (PreviewImporter) -> (artifact id: 'ad3a1ac47f561227cc00591668c00973') in 0.0140663 seconds
Number of updated asset objects reloaded before import = 0Number of asset objects unloaded after import = 39

========================================================================
Received Import Request.
  Time since last request: 26.306464 seconds.
  path: Assets/Prefabs/Parallelogram.prefab
  artifactKey: Guid(74c90f935b901344ea1bb3a16ff05244) Importer(815301076,1909f56bfc062723c751e8b465ee728b)
Start importing Assets/Prefabs/Parallelogram.prefab using Guid(74c90f935b901344ea1bb3a16ff05244) Importer(815301076,1909f56bfc062723c751e8b465ee728b) (PreviewImporter) -> (artifact id: '1e58a09dfefa5cb07e513ded2e76ca77') in 0.0081192 seconds
Number of updated asset objects reloaded before import = 0Number of asset objects unloaded after import = 39

========================================================================
Received Import Request.
  Time since last request: 9.892442 seconds.
  path: Assets/Prefabs/SquareTile.prefab
  artifactKey: Guid(35225cecc413dcd4381c64f8422d9a9c) Importer(815301076,1909f56bfc062723c751e8b465ee728b)
Start importing Assets/Prefabs/SquareTile.prefab using Guid(35225cecc413dcd4381c64f8422d9a9c) Importer(815301076,1909f56bfc062723c751e8b465ee728b) (PreviewImporter) -> (artifact id: '206e5c2879d141560716e398b94e3d0d') in 0.0135077 seconds
Number of updated asset objects reloaded before import = 0Number of asset objects unloaded after import = 36

========================================================================
Received Import Request.
  Time since last request: 83.803251 seconds.
  path: Assets/Prefabs/SquareTile.prefab
  artifactKey: Guid(35225cecc413dcd4381c64f8422d9a9c) Importer(815301076,1909f56bfc062723c751e8b465ee728b)
Start importing Assets/Prefabs/SquareTile.prefab using Guid(35225cecc413dcd4381c64f8422d9a9c) Importer(815301076,1909f56bfc062723c751e8b465ee728b) (PreviewImporter) -> (artifact id: '2363d9882c49e9770476f1403026c1d2') in 0.0149256 seconds
Number of updated asset objects reloaded before import = 0Number of asset objects unloaded after import = 39

========================================================================
Received Prepare
Begin MonoManager ReloadAssembly
- Loaded All Assemblies, in  0.615 seconds
Refreshing native plugins compatible for Editor in 1.46 ms, found 3 plugins.
Native extension for Android target not found
Native extension for WindowsStandalone target not found
Mono: successfully reloaded assembly
- Finished resetting the current domain, in  0.658 seconds
Domain Reload Profiling: 1271ms
	BeginReloadAssembly (198ms)
		ExecutionOrderSort (0ms)
		DisableScriptedObjects (19ms)
		BackupInstance (0ms)
		ReleaseScriptingObjects (0ms)
		CreateAndSetChildDomain (52ms)
	RebuildCommonClasses (31ms)
	RebuildNativeTypeToScriptingClass (12ms)
	initialDomainReloadingComplete (25ms)
	LoadAllAssembliesAndSetupDomain (345ms)
		LoadAssemblies (300ms)
		RebuildTransferFunctionScriptingTraits (0ms)
		AnalyzeDomain (134ms)
			TypeCache.Refresh (5ms)
				TypeCache.ScanAssembly (0ms)
			BuildScriptInfoCaches (117ms)
			ResolveRequiredComponents (9ms)
	FinalizeReload (659ms)
		ReleaseScriptCaches (0ms)
		RebuildScriptCaches (0ms)
		SetupLoadedEditorAssemblies (479ms)
			LogAssemblyErrors (0ms)
			InitializePlatformSupportModulesInManaged (10ms)
			SetLoadedEditorAssemblies (4ms)
			BeforeProcessingInitializeOnLoad (91ms)
			ProcessInitializeOnLoadAttributes (316ms)
			ProcessInitializeOnLoadMethodAttributes (51ms)
			AfterProcessingInitializeOnLoad (6ms)
			EditorAssembliesLoaded (0ms)
		ExecutionOrderSort2 (0ms)
		AwakeInstancesAfterBackupRestoration (13ms)
Refreshing native plugins compatible for Editor in 2.20 ms, found 3 plugins.
Preloading 0 native plugins for Editor in 0.00 ms.
Unloading 45 Unused Serialized files (Serialized files now loaded: 0)
Unloading 6071 unused Assets / (6.4 MB). Loaded Objects now: 6773.
Memory consumption went from 167.5 MB to 161.2 MB.
Total: 16.519400 ms (FindLiveObjects: 1.238200 ms CreateObjectMapping: 0.982600 ms MarkObjects: 8.612300 ms  DeleteObjects: 5.685000 ms)

Prepare: number of updated asset objects reloaded= 0
========================================================================
Received Import Request.
  Time since last request: 172.148666 seconds.
  path: Assets/Prefabs/LargeTriTile.prefab
  artifactKey: Guid(bde4946a8d8f7354aa90359fe4a69b7f) Importer(815301076,1909f56bfc062723c751e8b465ee728b)
Start importing Assets/Prefabs/LargeTriTile.prefab using Guid(bde4946a8d8f7354aa90359fe4a69b7f) Importer(815301076,1909f56bfc062723c751e8b465ee728b) (PreviewImporter) -> (artifact id: '83df21aac7502dd08bc0ae351a21508c') in 0.4171671 seconds
Number of updated asset objects reloaded before import = 0Number of asset objects unloaded after import = 24

========================================================================
Received Import Request.
  Time since last request: 0.000028 seconds.
  path: Assets/Prefabs/Parallelogram.prefab
  artifactKey: Guid(74c90f935b901344ea1bb3a16ff05244) Importer(815301076,1909f56bfc062723c751e8b465ee728b)
Start importing Assets/Prefabs/Parallelogram.prefab using Guid(74c90f935b901344ea1bb3a16ff05244) Importer(815301076,1909f56bfc062723c751e8b465ee728b) (PreviewImporter) -> (artifact id: '16e7c3b5b521cbc3daaf32c66a9eb33f') in 0.0099813 seconds
Number of updated asset objects reloaded before import = 0Number of asset objects unloaded after import = 41

========================================================================
Received Prepare
Begin MonoManager ReloadAssembly
- Loaded All Assemblies, in  0.631 seconds
Refreshing native plugins compatible for Editor in 1.06 ms, found 3 plugins.
Native extension for Android target not found
Native extension for WindowsStandalone target not found
Mono: successfully reloaded assembly
- Finished resetting the current domain, in  0.624 seconds
Domain Reload Profiling: 1253ms
	BeginReloadAssembly (203ms)
		ExecutionOrderSort (0ms)
		DisableScriptedObjects (19ms)
		BackupInstance (0ms)
		ReleaseScriptingObjects (0ms)
		CreateAndSetChildDomain (58ms)
	RebuildCommonClasses (30ms)
	RebuildNativeTypeToScriptingClass (10ms)
	initialDomainReloadingComplete (25ms)
	LoadAllAssembliesAndSetupDomain (361ms)
		LoadAssemblies (306ms)
		RebuildTransferFunctionScriptingTraits (0ms)
		AnalyzeDomain (141ms)
			TypeCache.Refresh (5ms)
				TypeCache.ScanAssembly (0ms)
			BuildScriptInfoCaches (121ms)
			ResolveRequiredComponents (9ms)
	FinalizeReload (624ms)
		ReleaseScriptCaches (0ms)
		RebuildScriptCaches (0ms)
		SetupLoadedEditorAssemblies (456ms)
			LogAssemblyErrors (0ms)
			InitializePlatformSupportModulesInManaged (10ms)
			SetLoadedEditorAssemblies (4ms)
			BeforeProcessingInitializeOnLoad (90ms)
			ProcessInitializeOnLoadAttributes (292ms)
			ProcessInitializeOnLoadMethodAttributes (51ms)
			AfterProcessingInitializeOnLoad (8ms)
			EditorAssembliesLoaded (0ms)
		ExecutionOrderSort2 (0ms)
		AwakeInstancesAfterBackupRestoration (13ms)
Refreshing native plugins compatible for Editor in 3.32 ms, found 3 plugins.
Preloading 0 native plugins for Editor in 0.00 ms.
Unloading 34 Unused Serialized files (Serialized files now loaded: 0)
Unloading 6070 unused Assets / (5.6 MB). Loaded Objects now: 6795.
Memory consumption went from 169.7 MB to 164.1 MB.
Total: 14.518800 ms (FindLiveObjects: 1.146400 ms CreateObjectMapping: 0.824200 ms MarkObjects: 8.252200 ms  DeleteObjects: 4.294400 ms)

Prepare: number of updated asset objects reloaded= 0
Editor requested this worker to shutdown with reason: Scaling down because of idle timeout
AssetImportWorkerClient::OnTransportError - code=2 error=End of file
AssetImportWorker is now disconnected from the server
Process exiting
Exiting without the bug reporter. Application will terminate with return code 0